<?xml version="1.0" encoding="UTF-8"?>
<testsuite xmlns:xsi="http://www.w3.org/2001/XMLSchema-instance" xsi:noNamespaceSchemaLocation="https://maven.apache.org/surefire/maven-surefire-plugin/xsd/surefire-test-report-3.0.xsd" version="3.0" name="tn.esprit.tic.civiAgora.PortailApplicationTests" time="9.093" tests="1" errors="0" skipped="0" failures="0">
  <properties>
[...]
</properties>
  <testcase name="contextLoads" classname="tn.esprit.tic.civiAgora.PortailApplicationTests" time="0.009">
    <system-out><![CDATA[18:26:55.405 [main] INFO org.springframework.test.context.support.AnnotationConfigContextLoaderUtils -- Could not detect default configuration classes for test class [tn.esprit.tic.civiAgora.PortailApplicationTests]: PortailApplicationTests does not declare any static, non-private, non-final, nested classes annotated with @Configuration.
18:26:55.537 [main] INFO org.springframework.boot.test.context.SpringBootTestContextBootstrapper -- Found @SpringBootConfiguration tn.esprit.tic.civiAgora.civiAgoraApplication for test class tn.esprit.tic.civiAgora.PortailApplicationTests

  .   ____          _            __ _ _
 /\\ / ___'_ __ _ _(_)_ __  __ _ \ \ \ \
( ( )\___ | '_ | '_| | '_ \/ _` | \ \ \ \
 \\/  ___)| |_)| | | | | || (_| |  ) ) ) )
  '  |____| .__|_| |_|_| |_\__, | / / / /
 =========|_|==============|___/=/_/_/_/
 :: Spring Boot ::                (v3.2.3)

2026-06-05T18:26:55.925+01:00  INFO 15400 --- [           main] t.e.t.civiAgora.PortailApplicationTests  : Starting PortailApplicationTests using Java 17.0.12 with PID 15400 (started by Yassa in C:\Users\MSI\OneDrive\Bureau\CIVOX SaaS tst\CiviAgoraBackEnd\CiviAgora-Backend)
2026-06-05T18:26:55.927+01:00  INFO 15400 --- [           main] t.e.t.civiAgora.PortailApplicationTests  : No active profile set, falling back to 1 default profile: "default"
2026-06-05T18:26:55.968+01:00 DEBUG 15400 --- [           main] o.s.w.c.s.GenericWebApplicationContext   : Refreshing org.springframework.web.context.support.GenericWebApplicationContext@26ffd2c0
2026-06-05T18:26:56.880+01:00  INFO 15400 --- [           main] .s.d.r.c.RepositoryConfigurationDelegate : Bootstrapping Spring Data JPA repositories in DEFAULT mode.
2026-06-05T18:26:56.968+01:00  INFO 15400 --- [           main] .s.d.r.c.RepositoryConfigurationDelegate : Finished Spring Data repository scanning in 79 ms. Found 13 JPA repository interfaces.
2026-06-05T18:26:57.714+01:00  INFO 15400 --- [           main] o.hibernate.jpa.internal.util.LogHelper  : HHH000204: Processing PersistenceUnitInfo [name: default]
2026-06-05T18:26:57.859+01:00  INFO 15400 --- [           main] org.hibernate.Version                    : HHH000412: Hibernate ORM core version 6.4.4.Final
2026-06-05T18:26:57.943+01:00  INFO 15400 --- [           main] o.h.c.internal.RegionFactoryInitiator    : HHH000026: Second-level cache disabled
2026-06-05T18:26:58.119+01:00  INFO 15400 --- [           main] o.s.o.j.p.SpringPersistenceUnitInfo      : No LoadTimeWeaver setup: ignoring JPA class transformer
2026-06-05T18:26:58.156+01:00  INFO 15400 --- [           main] com.zaxxer.hikari.HikariDataSource       : HikariPool-1 - Starting...
2026-06-05T18:26:58.366+01:00  INFO 15400 --- [           main] com.zaxxer.hikari.pool.HikariPool        : HikariPool-1 - Added connection com.mysql.cj.jdbc.ConnectionImpl@154208f2
2026-06-05T18:26:58.368+01:00  INFO 15400 --- [           main] com.zaxxer.hikari.HikariDataSource       : HikariPool-1 - Start completed.
2026-06-05T18:26:58.396+01:00  WARN 15400 --- [           main] org.hibernate.orm.deprecation            : HHH90000025: MySQL8Dialect does not need to be specified explicitly using 'hibernate.dialect' (remove the property setting and it will be selected by default)
2026-06-05T18:26:58.399+01:00  WARN 15400 --- [           main] org.hibernate.orm.deprecation            : HHH90000026: MySQL8Dialect has been deprecated; use org.hibernate.dialect.MySQLDialect instead
2026-06-05T18:26:59.581+01:00  INFO 15400 --- [           main] o.h.e.t.j.p.i.JtaPlatformInitiator       : HHH000489: No JTA platform available (set 'hibernate.transaction.jta.platform' to enable JTA platform integration)
2026-06-05T18:26:59.986+01:00  INFO 15400 --- [           main] j.LocalContainerEntityManagerFactoryBean : Initialized JPA EntityManagerFactory for persistence unit 'default'
2026-06-05T18:27:00.484+01:00  INFO 15400 --- [           main] o.s.d.j.r.query.QueryEnhancerFactory     : Hibernate is in classpath; If applicable, HQL parser will be used.
2026-06-05T18:27:01.731+01:00  WARN 15400 --- [           main] JpaBaseConfiguration$JpaWebConfiguration : spring.jpa.open-in-view is enabled by default. Therefore, database queries may be performed during view rendering. Explicitly configure spring.jpa.open-in-view to disable this warning
2026-06-05T18:27:01.903+01:00 DEBUG 15400 --- [           main] s.w.s.m.m.a.RequestMappingHandlerMapping : 74 mappings in 'requestMappingHandlerMapping'
2026-06-05T18:27:02.013+01:00 DEBUG 15400 --- [           main] o.s.w.s.handler.SimpleUrlHandlerMapping  : Patterns [/webjars/**, /**] in 'resourceHandlerMapping'
2026-06-05T18:27:02.096+01:00  INFO 15400 --- [           main] o.s.s.web.DefaultSecurityFilterChain     : Will secure any request with [org.springframework.security.web.session.DisableEncodeUrlFilter@773eb14c, org.springframework.security.web.context.request.async.WebAsyncManagerIntegrationFilter@3289d5df, org.springframework.security.web.context.SecurityContextHolderFilter@22626d92, org.springframework.security.web.header.HeaderWriterFilter@50a0404b, org.springframework.web.filter.CorsFilter@284c84de, org.springframework.security.web.authentication.logout.LogoutFilter@102abf66, tn.esprit.tic.civiAgora.config.TenantResolutionFilter@6cde71fe, tn.esprit.tic.civiAgora.config.JwtAuthenticationFilter@a57734e, org.springframework.security.web.savedrequest.RequestCacheAwareFilter@463ca434, org.springframework.security.web.servletapi.SecurityContextHolderAwareRequestFilter@25925651, org.springframework.security.web.authentication.AnonymousAuthenticationFilter@7f2316ef, org.springframework.security.web.session.SessionManagementFilter@6c97a3c, org.springframework.security.web.access.ExceptionTranslationFilter@6f8cd739, org.springframework.security.web.access.intercept.AuthorizationFilter@709d5848]
2026-06-05T18:27:02.331+01:00 DEBUG 15400 --- [           main] s.w.s.m.m.a.RequestMappingHandlerAdapter : ControllerAdvice beans: 0 @ModelAttribute, 0 @InitBinder, 1 RequestBodyAdvice, 1 ResponseBodyAdvice
2026-06-05T18:27:02.339+01:00 DEBUG 15400 --- [           main] .m.m.a.ExceptionHandlerExceptionResolver : ControllerAdvice beans: 1 @ExceptionHandler, 1 ResponseBodyAdvice
DEBUG: Jakarta Mail version 2.1.2
DEBUG: URL jar:file:/C:/Users/MSI/.m2/repository/org/eclipse/angus/jakarta.mail/2.0.2/jakarta.mail-2.0.2.jar!/META-INF/javamail.providers
DEBUG: successfully loaded resource: jar:file:/C:/Users/MSI/.m2/repository/org/eclipse/angus/jakarta.mail/2.0.2/jakarta.mail-2.0.2.jar!/META-INF/javamail.providers
DEBUG: successfully loaded resource: /META-INF/javamail.default.providers
DEBUG: Tables of loaded providers
DEBUG: Providers Listed By Class Name: {org.eclipse.angus.mail.imap.IMAPStore=jakarta.mail.Provider[STORE,imap,org.eclipse.angus.mail.imap.IMAPStore,Oracle], org.eclipse.angus.mail.smtp.SMTPTransport=jakarta.mail.Provider[TRANSPORT,smtp,org.eclipse.angus.mail.smtp.SMTPTransport,Oracle], org.eclipse.angus.mail.pop3.POP3Store=jakarta.mail.Provider[STORE,pop3,org.eclipse.angus.mail.pop3.POP3Store,Oracle], org.eclipse.angus.mail.pop3.POP3SSLStore=jakarta.mail.Provider[STORE,pop3s,org.eclipse.angus.mail.pop3.POP3SSLStore,Oracle], org.eclipse.angus.mail.smtp.SMTPSSLTransport=jakarta.mail.Provider[TRANSPORT,smtps,org.eclipse.angus.mail.smtp.SMTPSSLTransport,Oracle], org.eclipse.angus.mail.imap.IMAPSSLStore=jakarta.mail.Provider[STORE,imaps,org.eclipse.angus.mail.imap.IMAPSSLStore,Oracle]}
DEBUG: Providers Listed By Protocol: {imap=jakarta.mail.Provider[STORE,imap,org.eclipse.angus.mail.imap.IMAPStore,Oracle], smtp=jakarta.mail.Provider[TRANSPORT,smtp,org.eclipse.angus.mail.smtp.SMTPTransport,Oracle], pop3=jakarta.mail.Provider[STORE,pop3,org.eclipse.angus.mail.pop3.POP3Store,Oracle], imaps=jakarta.mail.Provider[STORE,imaps,org.eclipse.angus.mail.imap.IMAPSSLStore,Oracle], smtps=jakarta.mail.Provider[TRANSPORT,smtps,org.eclipse.angus.mail.smtp.SMTPSSLTransport,Oracle], pop3s=jakarta.mail.Provider[STORE,pop3s,org.eclipse.angus.mail.pop3.POP3SSLStore,Oracle]}
DEBUG: successfully loaded resource: /META-INF/javamail.default.address.map
DEBUG: URL jar:file:/C:/Users/MSI/.m2/repository/org/eclipse/angus/jakarta.mail/2.0.2/jakarta.mail-2.0.2.jar!/META-INF/javamail.address.map
DEBUG: successfully loaded resource: jar:file:/C:/Users/MSI/.m2/repository/org/eclipse/angus/jakarta.mail/2.0.2/jakarta.mail-2.0.2.jar!/META-INF/javamail.address.map
DEBUG: getProvider() returning jakarta.mail.Provider[TRANSPORT,smtp,org.eclipse.angus.mail.smtp.SMTPTransport,Oracle]
DEBUG SMTP: useEhlo true, useAuth true
DEBUG SMTP: trying to connect to host "smtp.gmail.com", port 587, isSSL false
220 smtp.gmail.com ESMTP 5b1f17b1804b1-490bc3cc140sm206399095e9.9 - gsmtp
DEBUG SMTP: connected to host "smtp.gmail.com", port: 587
EHLO Yassine-Desktop
250-smtp.gmail.com at your service, [102.152.219.241]
250-SIZE 35882577
250-8BITMIME
250-STARTTLS
250-ENHANCEDSTATUSCODES
250-PIPELINING
250-CHUNKING
250 SMTPUTF8
DEBUG SMTP: Found extension "SIZE", arg "35882577"
DEBUG SMTP: Found extension "8BITMIME", arg ""
DEBUG SMTP: Found extension "STARTTLS", arg ""
DEBUG SMTP: Found extension "ENHANCEDSTATUSCODES", arg ""
DEBUG SMTP: Found extension "PIPELINING", arg ""
DEBUG SMTP: Found extension "CHUNKING", arg ""
DEBUG SMTP: Found extension "SMTPUTF8", arg ""
STARTTLS
220 2.0.0 Ready to start TLS
EHLO Yassine-Desktop
250-smtp.gmail.com at your service, [102.152.219.241]
250-SIZE 35882577
250-8BITMIME
250-AUTH LOGIN PLAIN XOAUTH2 PLAIN-CLIENTTOKEN OAUTHBEARER XOAUTH
250-ENHANCEDSTATUSCODES
250-PIPELINING
250-CHUNKING
250 SMTPUTF8
DEBUG SMTP: Found extension "SIZE", arg "35882577"
DEBUG SMTP: Found extension "8BITMIME", arg ""
DEBUG SMTP: Found extension "AUTH", arg "LOGIN PLAIN XOAUTH2 PLAIN-CLIENTTOKEN OAUTHBEARER XOAUTH"
DEBUG SMTP: Found extension "ENHANCEDSTATUSCODES", arg ""
DEBUG SMTP: Found extension "PIPELINING", arg ""
DEBUG SMTP: Found extension "CHUNKING", arg ""
DEBUG SMTP: Found extension "SMTPUTF8", arg ""
DEBUG SMTP: protocolConnect login, host=smtp.gmail.com, user=technologybri@gmail.com, password=<non-null>
DEBUG SMTP: Attempt to authenticate using mechanisms: LOGIN PLAIN DIGEST-MD5 NTLM XOAUTH2 
DEBUG SMTP: Using mechanism LOGIN
DEBUG SMTP: AUTH LOGIN command trace suppressed
DEBUG SMTP: AUTH LOGIN succeeded
QUIT
221 2.0.0 closing connection 5b1f17b1804b1-490bc3cc140sm206399095e9.9 - gsmtp
2026-06-05T18:27:04.118+01:00  INFO 15400 --- [           main] t.e.t.civiAgora.PortailApplicationTests  : Started PortailApplicationTests in 8.467 seconds (process running for 12.838)
]]></system-out>
  </testcase>
</testsuite>